# JRE version: OpenJDK Runtime Environment (11.0.8+10) (build 11.0.8+10-b944.6842174)
# Java VM: OpenJDK 64-Bit Server VM (11.0.8+10-b944.6842174, mixed mode, tiered, compressed oops, g1 gc, windows-amd64)
Heap:
 garbage-first heap   total 260096K, used 200843K [0x0000000080000000, 0x0000000100000000)
  region size 1024K, 74 young (75776K), 2 survivors (2048K)
 Metaspace       used 93536K, capacity 95939K, committed 97148K, reserved 1132544K
  class space    used 12211K, capacity 13163K, committed 13568K, reserved 1048576K
GC Heap History (20 events):
Event: 7.763 GC heap before
{Heap before GC invocations=11 (full 0):
 garbage-first heap   total 260096K, used 197134K [0x0000000080000000, 0x0000000100000000)
  region size 1024K, 151 young (154624K), 6 survivors (6144K)
 Metaspace       used 63048K, capacity 64653K, committed 64892K, reserved 1105920K
  class space    used 8008K, capacity 8597K, committed 8704K, reserved 1048576K
}
Event: 7.771 GC heap after
{Heap after GC invocations=12 (full 0):
 garbage-first heap   total 260096K, used 53115K [0x0000000080000000, 0x0000000100000000)
  region size 1024K, 11 young (11264K), 11 survivors (11264K)
 Metaspace       used 63048K, capacity 64653K, committed 64892K, reserved 1105920K
  class space    used 8008K, capacity 8597K, committed 8704K, reserved 1048576K
}
Event: 8.913 GC heap before
{Heap before GC invocations=12 (full 0):
 garbage-first heap   total 260096K, used 197499K [0x0000000080000000, 0x0000000100000000)
  region size 1024K, 152 young (155648K), 11 survivors (11264K)
 Metaspace       used 71680K, capacity 73391K, committed 73596K, reserved 1114112K
  class space    used 9334K, capacity 9963K, committed 9984K, reserved 1048576K
}
Event: 8.921 GC heap after
{Heap after GC invocations=13 (full 0):
 garbage-first heap   total 260096K, used 57057K [0x0000000080000000, 0x0000000100000000)
  region size 1024K, 13 young (13312K), 13 survivors (13312K)
 Metaspace       used 71680K, capacity 73391K, committed 73596K, reserved 1114112K
  class space    used 9334K, capacity 9963K, committed 9984K, reserved 1048576K
}
Event: 10.303 GC heap before
{Heap before GC invocations=13 (full 0):
 garbage-first heap   total 260096K, used 198369K [0x0000000080000000, 0x0000000100000000)
  region size 1024K, 152 young (155648K), 13 survivors (13312K)
 Metaspace       used 79142K, capacity 81316K, committed 81404K, reserved 1120256K
  class space    used 10327K, capacity 11119K, committed 11136K, reserved 1048576K
}
Event: 10.314 GC heap after
{Heap after GC invocations=14 (full 0):
 garbage-first heap   total 260096K, used 64898K [0x0000000080000000, 0x0000000100000000)
  region size 1024K, 17 young (17408K), 17 survivors (17408K)
 Metaspace       used 79142K, capacity 81316K, committed 81404K, reserved 1120256K
  class space    used 10327K, capacity 11119K, committed 11136K, reserved 1048576K
}
Event: 11.334 GC heap before
{Heap before GC invocations=14 (full 0):
 garbage-first heap   total 260096K, used 202114K [0x0000000080000000, 0x0000000100000000)
  region size 1024K, 152 young (155648K), 17 survivors (17408K)
 Metaspace       used 82871K, capacity 85053K, committed 85244K, reserved 1122304K
  class space    used 10799K, capacity 11633K, committed 11648K, reserved 1048576K
}
Event: 11.346 GC heap after
{Heap after GC invocations=15 (full 0):
 garbage-first heap   total 260096K, used 68038K [0x0000000080000000, 0x0000000100000000)
  region size 1024K, 12 young (12288K), 12 survivors (12288K)
 Metaspace       used 82871K, capacity 85053K, committed 85244K, reserved 1122304K
  class space    used 10799K, capacity 11633K, committed 11648K, reserved 1048576K
}
Event: 11.907 GC heap before
{Heap before GC invocations=15 (full 0):
 garbage-first heap   total 260096K, used 212422K [0x0000000080000000, 0x0000000100000000)
  region size 1024K, 152 young (155648K), 12 survivors (12288K)
 Metaspace       used 84513K, capacity 86815K, committed 87036K, reserved 1124352K
  class space    used 10995K, capacity 11843K, committed 11904K, reserved 1048576K
}
Event: 11.918 GC heap after
{Heap after GC invocations=16 (full 0):
 garbage-first heap   total 260096K, used 88472K [0x0000000080000000, 0x0000000100000000)
  region size 1024K, 19 young (19456K), 19 survivors (19456K)
 Metaspace       used 84513K, capacity 86815K, committed 87036K, reserved 1124352K
  class space    used 10995K, capacity 11843K, committed 11904K, reserved 1048576K
}
Event: 12.335 GC heap before
{Heap before GC invocations=16 (full 0):
 garbage-first heap   total 260096K, used 202136K [0x0000000080000000, 0x0000000100000000)
  region size 1024K, 131 young (134144K), 19 survivors (19456K)
 Metaspace       used 87494K, capacity 89982K, committed 90108K, reserved 1126400K
  class space    used 11438K, capacity 12355K, committed 12416K, reserved 1048576K
}
Event: 12.379 GC heap after
{Heap after GC invocations=17 (full 0):
 garbage-first heap   total 260096K, used 101759K [0x0000000080000000, 0x0000000100000000)
  region size 1024K, 17 young (17408K), 17 survivors (17408K)
 Metaspace       used 87494K, capacity 89982K, committed 90108K, reserved 1126400K
  class space    used 11438K, capacity 12355K, committed 12416K, reserved 1048576K
}
Event: 12.593 GC heap before
{Heap before GC invocations=17 (full 0):
 garbage-first heap   total 260096K, used 198015K [0x0000000080000000, 0x0000000100000000)
  region size 1024K, 112 young (114688K), 17 survivors (17408K)
 Metaspace       used 88710K, capacity 91129K, committed 91260K, reserved 1128448K
  class space    used 11589K, capacity 12521K, committed 12544K, reserved 1048576K
}
Event: 12.614 GC heap after
{Heap after GC invocations=18 (full 0):
 garbage-first heap   total 260096K, used 118501K [0x0000000080000000, 0x0000000100000000)
  region size 1024K, 14 young (14336K), 14 survivors (14336K)
 Metaspace       used 88710K, capacity 91129K, committed 91260K, reserved 1128448K
  class space    used 11589K, capacity 12521K, committed 12544K, reserved 1048576K
}
Event: 12.975 GC heap before
{Heap before GC invocations=18 (full 0):
 garbage-first heap   total 260096K, used 198373K [0x0000000080000000, 0x0000000100000000)
  region size 1024K, 93 young (95232K), 14 survivors (14336K)
 Metaspace       used 92746K, capacity 95529K, committed 95740K, reserved 1132544K
  class space    used 12331K, capacity 13437K, committed 13440K, reserved 1048576K
}
Event: 12.990 GC heap after
{Heap after GC invocations=19 (full 0):
 garbage-first heap   total 260096K, used 128381K [0x0000000080000000, 0x0000000100000000)
  region size 1024K, 8 young (8192K), 8 survivors (8192K)
 Metaspace       used 92746K, capacity 95529K, committed 95740K, reserved 1132544K
  class space    used 12331K, capacity 13437K, committed 13440K, reserved 1048576K
}
Event: 13.198 GC heap before
{Heap before GC invocations=19 (full 0):
 garbage-first heap   total 260096K, used 204157K [0x0000000080000000, 0x0000000100000000)
  region size 1024K, 82 young (83968K), 8 survivors (8192K)
 Metaspace       used 93294K, capacity 96145K, committed 96380K, reserved 1132544K
  class space    used 12384K, capacity 13508K, committed 13568K, reserved 1048576K
}
Event: 13.211 GC heap after
{Heap after GC invocations=20 (full 0):
 garbage-first heap   total 260096K, used 129319K [0x0000000080000000, 0x0000000100000000)
  region size 1024K, 2 young (2048K), 2 survivors (2048K)
 Metaspace       used 93294K, capacity 96145K, committed 96380K, reserved 1132544K
  class space    used 12384K, capacity 13508K, committed 13568K, reserved 1048576K
}
Event: 13.488 GC heap before
{Heap before GC invocations=21 (full 0):
 garbage-first heap   total 260096K, used 208167K [0x0000000080000000, 0x0000000100000000)
  region size 1024K, 80 young (81920K), 2 survivors (2048K)
 Metaspace       used 93432K, capacity 95863K, committed 97148K, reserved 1132544K
  class space    used 12194K, capacity 13159K, committed 13568K, reserved 1048576K
}
Event: 13.493 GC heap after
{Heap after GC invocations=22 (full 0):
 garbage-first heap   total 260096K, used 129163K [0x0000000080000000, 0x0000000100000000)
  region size 1024K, 2 young (2048K), 2 survivors (2048K)
 Metaspace       used 93432K, capacity 95863K, committed 97148K, reserved 1132544K
  class space    used 12194K, capacity 13159K, committed 13568K, reserved 1048576K
}

