# JRE version: OpenJDK Runtime Environment (11.0.8+10) (build 11.0.8+10-b944.6842174)
# Java VM: OpenJDK 64-Bit Server VM (11.0.8+10-b944.6842174, mixed mode, tiered, compressed oops, g1 gc, windows-amd64)
Heap:
 garbage-first heap   total 312320K, used 224146K [0x0000000080000000, 0x0000000100000000)
  region size 1024K, 18 young (18432K), 6 survivors (6144K)
 Metaspace       used 147748K, capacity 153140K, committed 153320K, reserved 1183744K
  class space    used 18238K, capacity 20102K, committed 20164K, reserved 1048576K
GC Heap History (20 events):
Event: 3719.308 GC heap before
{Heap before GC invocations=174 (full 0):
 garbage-first heap   total 312320K, used 274909K [0x0000000080000000, 0x0000000100000000)
  region size 1024K, 71 young (72704K), 4 survivors (4096K)
 Metaspace       used 147356K, capacity 152511K, committed 152680K, reserved 1181696K
  class space    used 18196K, capacity 19990K, committed 20036K, reserved 1048576K
}
Event: 3719.311 GC heap after
{Heap after GC invocations=175 (full 0):
 garbage-first heap   total 312320K, used 206422K [0x0000000080000000, 0x0000000100000000)
  region size 1024K, 4 young (4096K), 4 survivors (4096K)
 Metaspace       used 147356K, capacity 152511K, committed 152680K, reserved 1181696K
  class space    used 18196K, capacity 19990K, committed 20036K, reserved 1048576K
}
Event: 3719.750 GC heap before
{Heap before GC invocations=175 (full 0):
 garbage-first heap   total 312320K, used 275030K [0x0000000080000000, 0x0000000100000000)
  region size 1024K, 71 young (72704K), 4 survivors (4096K)
 Metaspace       used 147356K, capacity 152511K, committed 152680K, reserved 1181696K
  class space    used 18196K, capacity 19990K, committed 20036K, reserved 1048576K
}
Event: 3719.754 GC heap after
{Heap after GC invocations=176 (full 0):
 garbage-first heap   total 312320K, used 206403K [0x0000000080000000, 0x0000000100000000)
  region size 1024K, 3 young (3072K), 3 survivors (3072K)
 Metaspace       used 147356K, capacity 152511K, committed 152680K, reserved 1181696K
  class space    used 18196K, capacity 19990K, committed 20036K, reserved 1048576K
}
Event: 3720.199 GC heap before
{Heap before GC invocations=176 (full 0):
 garbage-first heap   total 312320K, used 277059K [0x0000000080000000, 0x0000000100000000)
  region size 1024K, 72 young (73728K), 3 survivors (3072K)
 Metaspace       used 147356K, capacity 152511K, committed 152680K, reserved 1181696K
  class space    used 18196K, capacity 19990K, committed 20036K, reserved 1048576K
}
Event: 3720.203 GC heap after
{Heap after GC invocations=177 (full 0):
 garbage-first heap   total 312320K, used 206358K [0x0000000080000000, 0x0000000100000000)
  region size 1024K, 2 young (2048K), 2 survivors (2048K)
 Metaspace       used 147356K, capacity 152511K, committed 152680K, reserved 1181696K
  class space    used 18196K, capacity 19990K, committed 20036K, reserved 1048576K
}
Event: 3720.834 GC heap before
{Heap before GC invocations=177 (full 0):
 garbage-first heap   total 312320K, used 275990K [0x0000000080000000, 0x0000000100000000)
  region size 1024K, 70 young (71680K), 2 survivors (2048K)
 Metaspace       used 147356K, capacity 152511K, committed 152680K, reserved 1181696K
  class space    used 18196K, capacity 19990K, committed 20036K, reserved 1048576K
}
Event: 3720.837 GC heap after
{Heap after GC invocations=178 (full 0):
 garbage-first heap   total 312320K, used 206411K [0x0000000080000000, 0x0000000100000000)
  region size 1024K, 2 young (2048K), 2 survivors (2048K)
 Metaspace       used 147356K, capacity 152511K, committed 152680K, reserved 1181696K
  class space    used 18196K, capacity 19990K, committed 20036K, reserved 1048576K
}
Event: 3721.396 GC heap before
{Heap before GC invocations=178 (full 0):
 garbage-first heap   total 312320K, used 276043K [0x0000000080000000, 0x0000000100000000)
  region size 1024K, 70 young (71680K), 2 survivors (2048K)
 Metaspace       used 147356K, capacity 152511K, committed 152680K, reserved 1181696K
  class space    used 18196K, capacity 19990K, committed 20036K, reserved 1048576K
}
Event: 3721.399 GC heap after
{Heap after GC invocations=179 (full 0):
 garbage-first heap   total 312320K, used 206355K [0x0000000080000000, 0x0000000100000000)
  region size 1024K, 1 young (1024K), 1 survivors (1024K)
 Metaspace       used 147356K, capacity 152511K, committed 152680K, reserved 1181696K
  class space    used 18196K, capacity 19990K, committed 20036K, reserved 1048576K
}
Event: 4070.924 GC heap before
{Heap before GC invocations=179 (full 0):
 garbage-first heap   total 312320K, used 277011K [0x0000000080000000, 0x0000000100000000)
  region size 1024K, 70 young (71680K), 1 survivors (1024K)
 Metaspace       used 147417K, capacity 152568K, committed 152680K, reserved 1181696K
  class space    used 18205K, capacity 20003K, committed 20036K, reserved 1048576K
}
Event: 4070.926 GC heap after
{Heap after GC invocations=180 (full 0):
 garbage-first heap   total 312320K, used 207165K [0x0000000080000000, 0x0000000100000000)
  region size 1024K, 2 young (2048K), 2 survivors (2048K)
 Metaspace       used 147417K, capacity 152568K, committed 152680K, reserved 1181696K
  class space    used 18205K, capacity 20003K, committed 20036K, reserved 1048576K
}
Event: 4071.284 GC heap before
{Heap before GC invocations=180 (full 0):
 garbage-first heap   total 312320K, used 275773K [0x0000000080000000, 0x0000000100000000)
  region size 1024K, 70 young (71680K), 2 survivors (2048K)
 Metaspace       used 147439K, capacity 152583K, committed 152680K, reserved 1181696K
  class space    used 18207K, capacity 20007K, committed 20036K, reserved 1048576K
}
Event: 4071.287 GC heap after
{Heap after GC invocations=181 (full 0):
 garbage-first heap   total 312320K, used 208302K [0x0000000080000000, 0x0000000100000000)
  region size 1024K, 3 young (3072K), 3 survivors (3072K)
 Metaspace       used 147439K, capacity 152583K, committed 152680K, reserved 1181696K
  class space    used 18207K, capacity 20007K, committed 20036K, reserved 1048576K
}
Event: 4072.520 GC heap before
{Heap before GC invocations=181 (full 0):
 garbage-first heap   total 312320K, used 274862K [0x0000000080000000, 0x0000000100000000)
  region size 1024K, 69 young (70656K), 3 survivors (3072K)
 Metaspace       used 147674K, capacity 153064K, committed 153320K, reserved 1183744K
  class space    used 18237K, capacity 20100K, committed 20164K, reserved 1048576K
}
Event: 4072.524 GC heap after
{Heap after GC invocations=182 (full 0):
 garbage-first heap   total 312320K, used 209775K [0x0000000080000000, 0x0000000100000000)
  region size 1024K, 4 young (4096K), 4 survivors (4096K)
 Metaspace       used 147674K, capacity 153064K, committed 153320K, reserved 1183744K
  class space    used 18237K, capacity 20100K, committed 20164K, reserved 1048576K
}
Event: 4073.019 GC heap before
{Heap before GC invocations=182 (full 0):
 garbage-first heap   total 312320K, used 274287K [0x0000000080000000, 0x0000000100000000)
  region size 1024K, 68 young (69632K), 4 survivors (4096K)
 Metaspace       used 147711K, capacity 153064K, committed 153320K, reserved 1183744K
  class space    used 18237K, capacity 20100K, committed 20164K, reserved 1048576K
}
Event: 4073.025 GC heap after
{Heap after GC invocations=183 (full 0):
 garbage-first heap   total 312320K, used 211443K [0x0000000080000000, 0x0000000100000000)
  region size 1024K, 6 young (6144K), 6 survivors (6144K)
 Metaspace       used 147711K, capacity 153064K, committed 153320K, reserved 1183744K
  class space    used 18237K, capacity 20100K, committed 20164K, reserved 1048576K
}
Event: 4073.776 GC heap before
{Heap before GC invocations=183 (full 0):
 garbage-first heap   total 312320K, used 272883K [0x0000000080000000, 0x0000000100000000)
  region size 1024K, 66 young (67584K), 6 survivors (6144K)
 Metaspace       used 147748K, capacity 153140K, committed 153320K, reserved 1183744K
  class space    used 18238K, capacity 20102K, committed 20164K, reserved 1048576K
}
Event: 4073.789 GC heap after
{Heap after GC invocations=184 (full 0):
 garbage-first heap   total 312320K, used 212882K [0x0000000080000000, 0x0000000100000000)
  region size 1024K, 6 young (6144K), 6 survivors (6144K)
 Metaspace       used 147748K, capacity 153140K, committed 153320K, reserved 1183744K
  class space    used 18238K, capacity 20102K, committed 20164K, reserved 1048576K
}

