# JRE version: OpenJDK Runtime Environment (11.0.8+10) (build 11.0.8+10-b944.6842174)
# Java VM: OpenJDK 64-Bit Server VM (11.0.8+10-b944.6842174, mixed mode, tiered, compressed oops, g1 gc, windows-amd64)
Heap:
 garbage-first heap   total 312320K, used 188717K [0x0000000080000000, 0x0000000100000000)
  region size 1024K, 45 young (46080K), 6 survivors (6144K)
 Metaspace       used 108015K, capacity 110482K, committed 111592K, reserved 1146880K
  class space    used 13623K, capacity 14559K, committed 15044K, reserved 1048576K
GC Heap History (20 events):
Event: 33.919 GC heap before
{Heap before GC invocations=24 (full 0):
 garbage-first heap   total 260096K, used 199219K [0x0000000080000000, 0x0000000100000000)
  region size 1024K, 128 young (131072K), 7 survivors (7168K)
 Metaspace       used 100091K, capacity 102462K, committed 102760K, reserved 1138688K
  class space    used 12604K, capacity 13493K, committed 13636K, reserved 1048576K
}
Event: 33.942 GC heap after
{Heap after GC invocations=25 (full 0):
 garbage-first heap   total 260096K, used 102460K [0x0000000080000000, 0x0000000100000000)
  region size 1024K, 16 young (16384K), 16 survivors (16384K)
 Metaspace       used 100091K, capacity 102462K, committed 102760K, reserved 1138688K
  class space    used 12604K, capacity 13493K, committed 13636K, reserved 1048576K
}
Event: 34.392 GC heap before
{Heap before GC invocations=26 (full 0):
 garbage-first heap   total 260096K, used 201788K [0x0000000080000000, 0x0000000100000000)
  region size 1024K, 113 young (115712K), 16 survivors (16384K)
 Metaspace       used 102035K, capacity 104407K, committed 104424K, reserved 1140736K
  class space    used 12845K, capacity 13751K, committed 13764K, reserved 1048576K
}
Event: 34.411 GC heap after
{Heap after GC invocations=27 (full 0):
 garbage-first heap   total 260096K, used 121503K [0x0000000080000000, 0x0000000100000000)
  region size 1024K, 15 young (15360K), 15 survivors (15360K)
 Metaspace       used 102035K, capacity 104407K, committed 104424K, reserved 1140736K
  class space    used 12845K, capacity 13751K, committed 13764K, reserved 1048576K
}
Event: 34.561 GC heap before
{Heap before GC invocations=27 (full 0):
 garbage-first heap   total 260096K, used 200351K [0x0000000080000000, 0x0000000100000000)
  region size 1024K, 93 young (95232K), 15 survivors (15360K)
 Metaspace       used 103212K, capacity 105781K, committed 105832K, reserved 1140736K
  class space    used 13076K, capacity 14114K, committed 14148K, reserved 1048576K
}
Event: 34.585 GC heap after
{Heap after GC invocations=28 (full 0):
 garbage-first heap   total 260096K, used 136765K [0x0000000080000000, 0x0000000100000000)
  region size 1024K, 12 young (12288K), 12 survivors (12288K)
 Metaspace       used 103212K, capacity 105781K, committed 105832K, reserved 1140736K
  class space    used 13076K, capacity 14114K, committed 14148K, reserved 1048576K
}
Event: 34.777 GC heap before
{Heap before GC invocations=28 (full 0):
 garbage-first heap   total 260096K, used 204349K [0x0000000080000000, 0x0000000100000000)
  region size 1024K, 79 young (80896K), 12 survivors (12288K)
 Metaspace       used 106341K, capacity 109134K, committed 109288K, reserved 1144832K
  class space    used 13647K, capacity 14752K, committed 14788K, reserved 1048576K
}
Event: 34.802 GC heap after
{Heap after GC invocations=29 (full 0):
 garbage-first heap   total 260096K, used 145408K [0x0000000080000000, 0x0000000100000000)
  region size 1024K, 8 young (8192K), 8 survivors (8192K)
 Metaspace       used 106341K, capacity 109134K, committed 109288K, reserved 1144832K
  class space    used 13647K, capacity 14752K, committed 14788K, reserved 1048576K
}
Event: 35.095 GC heap before
{Heap before GC invocations=30 (full 0):
 garbage-first heap   total 260096K, used 207872K [0x0000000080000000, 0x0000000100000000)
  region size 1024K, 70 young (71680K), 8 survivors (8192K)
 Metaspace       used 107522K, capacity 110220K, committed 110824K, reserved 1144832K
  class space    used 13785K, capacity 14873K, committed 15044K, reserved 1048576K
}
Event: 35.107 GC heap after
{Heap after GC invocations=31 (full 0):
 garbage-first heap   total 312320K, used 147696K [0x0000000080000000, 0x0000000100000000)
  region size 1024K, 3 young (3072K), 3 survivors (3072K)
 Metaspace       used 107522K, capacity 110220K, committed 110824K, reserved 1144832K
  class space    used 13785K, capacity 14873K, committed 15044K, reserved 1048576K
}
Event: 35.154 GC heap before
{Heap before GC invocations=31 (full 0):
 garbage-first heap   total 312320K, used 159984K [0x0000000080000000, 0x0000000100000000)
  region size 1024K, 15 young (15360K), 3 survivors (3072K)
 Metaspace       used 107569K, capacity 110286K, committed 110824K, reserved 1144832K
  class space    used 13785K, capacity 14873K, committed 15044K, reserved 1048576K
}
Event: 35.160 GC heap after
{Heap after GC invocations=32 (full 0):
 garbage-first heap   total 312320K, used 146407K [0x0000000080000000, 0x0000000100000000)
  region size 1024K, 1 young (1024K), 1 survivors (1024K)
 Metaspace       used 107569K, capacity 110286K, committed 110824K, reserved 1144832K
  class space    used 13785K, capacity 14873K, committed 15044K, reserved 1048576K
}
Event: 35.522 GC heap before
{Heap before GC invocations=32 (full 0):
 garbage-first heap   total 312320K, used 233447K [0x0000000080000000, 0x0000000100000000)
  region size 1024K, 87 young (89088K), 1 survivors (1024K)
 Metaspace       used 108322K, capacity 111090K, committed 111592K, reserved 1146880K
  class space    used 13789K, capacity 14876K, committed 15044K, reserved 1048576K
}
Event: 35.531 GC heap after
{Heap after GC invocations=33 (full 0):
 garbage-first heap   total 312320K, used 148052K [0x0000000080000000, 0x0000000100000000)
  region size 1024K, 3 young (3072K), 3 survivors (3072K)
 Metaspace       used 108322K, capacity 111090K, committed 111592K, reserved 1146880K
  class space    used 13789K, capacity 14876K, committed 15044K, reserved 1048576K
}
Event: 35.879 GC heap before
{Heap before GC invocations=34 (full 0):
 garbage-first heap   total 312320K, used 238164K [0x0000000080000000, 0x0000000100000000)
  region size 1024K, 92 young (94208K), 3 survivors (3072K)
 Metaspace       used 107977K, capacity 110473K, committed 111592K, reserved 1146880K
  class space    used 13614K, capacity 14556K, committed 15044K, reserved 1048576K
}
Event: 35.884 GC heap after
{Heap after GC invocations=35 (full 0):
 garbage-first heap   total 312320K, used 148822K [0x0000000080000000, 0x0000000100000000)
  region size 1024K, 4 young (4096K), 4 survivors (4096K)
 Metaspace       used 107977K, capacity 110473K, committed 111592K, reserved 1146880K
  class space    used 13614K, capacity 14556K, committed 15044K, reserved 1048576K
}
Event: 35.904 GC heap before
{Heap before GC invocations=35 (full 0):
 garbage-first heap   total 312320K, used 160086K [0x0000000080000000, 0x0000000100000000)
  region size 1024K, 15 young (15360K), 4 survivors (4096K)
 Metaspace       used 107978K, capacity 110473K, committed 111592K, reserved 1146880K
  class space    used 13614K, capacity 14556K, committed 15044K, reserved 1048576K
}
Event: 35.908 GC heap after
{Heap after GC invocations=36 (full 0):
 garbage-first heap   total 312320K, used 145643K [0x0000000080000000, 0x0000000100000000)
  region size 1024K, 1 young (1024K), 1 survivors (1024K)
 Metaspace       used 107978K, capacity 110473K, committed 111592K, reserved 1146880K
  class space    used 13614K, capacity 14556K, committed 15044K, reserved 1048576K
}
Event: 36.133 GC heap before
{Heap before GC invocations=36 (full 0):
 garbage-first heap   total 312320K, used 241899K [0x0000000080000000, 0x0000000100000000)
  region size 1024K, 96 young (98304K), 1 survivors (1024K)
 Metaspace       used 107991K, capacity 110482K, committed 111592K, reserved 1146880K
  class space    used 13617K, capacity 14559K, committed 15044K, reserved 1048576K
}
Event: 36.151 GC heap after
{Heap after GC invocations=37 (full 0):
 garbage-first heap   total 312320K, used 150829K [0x0000000080000000, 0x0000000100000000)
  region size 1024K, 6 young (6144K), 6 survivors (6144K)
 Metaspace       used 107991K, capacity 110482K, committed 111592K, reserved 1146880K
  class space    used 13617K, capacity 14559K, committed 15044K, reserved 1048576K
}

